<?xml version="1.0" encoding="UTF-8"?>
<testng-results ignored="0" total="1" passed="1" failed="0" skipped="0">
  <reporter-output>
  </reporter-output>
  <suite started-at="2023-11-22T10:56:36 IST" name="Default suite" finished-at="2023-11-22T10:56:55 IST" duration-ms="18717">
    <groups>
    </groups>
    <test started-at="2023-11-22T10:56:36 IST" name="Default test" finished-at="2023-11-22T10:56:55 IST" duration-ms="18717">
      <class name="Test.Decisionfrgtpswdtest">
        <test-method is-config="true" signature="browser()[pri:0, instance:Test.Decisionfrgtpswdtest@1a942c18]" started-at="2023-11-22T10:56:36 IST" name="browser" finished-at="2023-11-22T10:56:53 IST" duration-ms="17081" status="PASS">
          <reporter-output>
          </reporter-output>
        </test-method> <!-- browser -->
        <test-method signature="tstfrgtpswd()[pri:0, instance:Test.Decisionfrgtpswdtest@1a942c18]" started-at="2023-11-22T10:56:53 IST" name="tstfrgtpswd" finished-at="2023-11-22T10:56:55 IST" duration-ms="1576" status="PASS">
          <reporter-output>
          </reporter-output>
        </test-method> <!-- tstfrgtpswd -->
      </class> <!-- Test.Decisionfrgtpswdtest -->
    </test> <!-- Default test -->
  </suite> <!-- Default suite -->
</testng-results>
